[ 23%] Built target mpc_local_planner_utils
[ 70%] Built target mpc_local_planner_optimal_control
[ 76%] [32mBuilding CXX object CMakeFiles/mpc_local_planner.dir/src/controller.cpp.o[0m
[01m[K/home/vialab/mpc_traj_ws/src/mpc_local_planner/mpc_local_planner/src/controller.cpp:221:46:[m[K [01;31m[Kerror: [m[Kstray ‘[01m[K#[m[K’ in program
     std::cout<< "Controls list length " << *([01;31m[K#[m[Kmsg.controls + 1) - 1 << std::endl;
                                              [01;31m[K^[m[K
[01m[K/home/vialab/mpc_traj_ws/src/mpc_local_planner/mpc_local_planner/src/controller.cpp:[m[K In member function ‘[01m[Kvoid mpc_local_planner::Controller::publishOptimalControlResult()[m[K’:
[01m[K/home/vialab/mpc_traj_ws/src/mpc_local_planner/mpc_local_planner/src/controller.cpp:221:60:[m[K [01;31m[Kerror: [m[Kno match for ‘[01m[Koperator+[m[K’ (operand types are ‘[01m[Kmpc_local_planner_msgs::OptimalControlResult_<std::allocator<void> >::_controls_type {aka std::vector<double>}[m[K’ and ‘[01m[Kint[m[K’)
     std::cout<< "Controls list length " << *(#[01;31m[Kmsg.controls + 1[m[K) - 1 << std::endl;
                                               [01;31m[K~~~~~~~~~~~~~^~~[m[K
In file included from [01m[K/usr/include/c++/7/deque:64:0[m[K,
                 from [01m[K/usr/include/boost/detail/container_fwd.hpp:91[m[K,
                 from [01m[K/usr/include/boost/functional/hash/extensions.hpp:22[m[K,
                 from [01m[K/usr/include/boost/functional/hash/hash.hpp:594[m[K,
                 from [01m[K/usr/include/boost/functional/hash.hpp:6[m[K,
                 from [01m[K/usr/include/boost/unordered/unordered_map.hpp:18[m[K,
                 from [01m[K/usr/include/boost/unordered_map.hpp:17[m[K,
                 from [01m[K/opt/ros/melodic/include/tf/tf.h:45[m[K,
                 from [01m[K/opt/ros/melodic/include/teb_local_planner/obstacles.h:56[m[K,
                 from [01m[K/opt/ros/melodic/include/teb_local_planner/robot_footprint_model.h:44[m[K,
                 from [01m[K/home/vialab/mpc_traj_ws/src/mpc_local_planner/mpc_local_planner/include/mpc_local_planner/optimal_control/stage_inequality_se2.h:29[m[K,
                 from [01m[K/home/vialab/mpc_traj_ws/src/mpc_local_planner/mpc_local_planner/include/mpc_local_planner/controller.h:29[m[K,
                 from [01m[K/home/vialab/mpc_traj_ws/src/mpc_local_planner/mpc_local_planner/src/controller.cpp:23[m[K:
[01m[K/usr/include/c++/7/bits/stl_deque.h:374:5:[m[K [01;36m[Knote: [m[Kcandidate: template<class _Tp, class _Ref, class _Ptr> std::_Deque_iterator<_Tp, _Ref, _Ptr> std::operator+(std::ptrdiff_t, const std::_Deque_iterator<_Tp, _Ref, _Ptr>&)
     [01;36m[Koperator[m[K+(ptrdiff_t __n, const _Deque_iterator<_Tp, _Ref, _Ptr>& __x)
     [01;36m[K^~~~~~~~[m[K
[01m[K/usr/include/c++/7/bits/stl_deque.h:374:5:[m[K [01;36m[Knote: [m[K  template argument deduction/substitution failed:
[01m[K/home/vialab/mpc_traj_ws/src/mpc_local_planner/mpc_local_planner/src/controller.cpp:221:62:[m[K [01;36m[Knote: [m[K  mismatched types ‘[01m[Kconst std::_Deque_iterator<_Tp, _Ref, _Ptr>[m[K’ and ‘[01m[Kint[m[K’
     std::cout<< "Controls list length " << *(#msg.controls + [01;36m[K1[m[K) - 1 << std::endl;
                                                              [01;36m[K^[m[K
In file included from [01m[K/usr/include/c++/7/vector:65:0[m[K,
                 from [01m[K/opt/ros/melodic/include/control_box_rst/corbo-core/time_series.h:37[m[K,
                 from [01m[K/opt/ros/melodic/include/control_box_rst/corbo-core/signals.h:30[m[K,
                 from [01m[K/opt/ros/melodic/include/control_box_rst/corbo-core/reference_trajectory.h:29[m[K,
                 from [01m[K/opt/ros/melodic/include/control_box_rst/corbo-controllers/controller_interface.h:30[m[K,
                 from [01m[K/opt/ros/melodic/include/control_box_rst/corbo-controllers/predictive_controller.h:28[m[K,
                 from [01m[K/home/vialab/mpc_traj_ws/src/mpc_local_planner/mpc_local_planner/include/mpc_local_planner/controller.h:26[m[K,
                 from [01m[K/home/vialab/mpc_traj_ws/src/mpc_local_planner/mpc_local_planner/src/controller.cpp:23[m[K:
[01m[K/usr/include/c++/7/bits/stl_bvector.h:387:3:[m[K [01;36m[Knote: [m[Kcandidate: std::_Bit_const_iterator std::operator+(std::ptrdiff_t, const std::_Bit_const_iterator&)
   [01;36m[Koperator[m[K+(ptrdiff_t __n, const _Bit_const_iterator& __x)
   [01;36m[K^~~~~~~~[m[K
[01m[K/usr/include/c++/7/bits/stl_bvector.h:387:3:[m[K [01;36m[Knote: [m[K  no known conversion for argument 1 from ‘[01m[Kmpc_local_planner_msgs::OptimalControlResult_<std::allocator<void> >::_controls_type {aka std::vector<double>}[m[K’ to ‘[01m[Kstd::ptrdiff_t {aka long int}[m[K’
[01m[K/usr/include/c++/7/bits/stl_bvector.h:297:3:[m[K [01;36m[Knote: [m[Kcandidate: std::_Bit_iterator std::operator+(std::ptrdiff_t, const std::_Bit_iterator&)
   [01;36m[Koperator[m[K+(ptrdiff_t __n, const _Bit_iterator& __x)
   [01;36m[K^~~~~~~~[m[K
[01m[K/usr/include/c++/7/bits/stl_bvector.h:297:3:[m[K [01;36m[Knote: [m[K  no known conversion for argument 1 from ‘[01m[Kmpc_local_planner_msgs::OptimalControlResult_<std::allocator<void> >::_controls_type {aka std::vector<double>}[m[K’ to ‘[01m[Kstd::ptrdiff_t {aka long int}[m[K’
In file included from [01m[K/usr/include/eigen3/Eigen/Core:80:0[m[K,
                 from [01m[K/opt/ros/melodic/include/control_box_rst/corbo-core/types.h:28[m[K,
                 from [01m[K/opt/ros/melodic/include/control_box_rst/corbo-controllers/statistics.h:29[m[K,
                 from [01m[K/opt/ros/melodic/include/control_box_rst/corbo-controllers/controller_interface.h:28[m[K,
                 from [01m[K/opt/ros/melodic/include/control_box_rst/corbo-controllers/predictive_controller.h:28[m[K,
                 from [01m[K/home/vialab/mpc_traj_ws/src/mpc_local_planner/mpc_local_planner/include/mpc_local_planner/controller.h:26[m[K,
                 from [01m[K/home/vialab/mpc_traj_ws/src/mpc_local_planner/mpc_local_planner/src/controller.cpp:23[m[K:
[01m[K/usr/include/c++/7/complex:445:5:[m[K [01;36m[Knote: [m[Kcandidate: template<class _Tp> std::complex<_Tp> std::operator+(const std::complex<_Tp>&)
     [01;36m[Koperator[m[K+(const complex<_Tp>& __x)
     [01;36m[K^~~~~~~~[m[K
[01m[K/usr/include/c++/7/complex:445:5:[m[K [01;36m[Knote: [m[K  template argument deduction/substitution failed:
[01m[K/home/vialab/mpc_traj_ws/src/mpc_local_planner/mpc_local_planner/src/controller.cpp:221:62:[m[K [01;36m[Knote: [m[K  ‘[01m[Kmpc_local_planner_msgs::OptimalControlResult_<std::allocator<void> >::_controls_type {aka std::vector<double>}[m[K’ is not derived from ‘[01m[Kconst std::complex<_Tp>[m[K’
     std::cout<< "Controls list length " << *(#msg.controls + [01;36m[K1[m[K) - 1 << std::endl;
                                                              [01;36m[K^[m[K
In file included from [01m[K/usr/include/eigen3/Eigen/Core:80:0[m[K,
                 from [01m[K/opt/ros/melodic/include/control_box_rst/corbo-core/types.h:28[m[K,
                 from [01m[K/opt/ros/melodic/include/control_box_rst/corbo-controllers/statistics.h:29[m[K,
                 from [01m[K/opt/ros/melodic/include/control_box_rst/corbo-controllers/controller_interface.h:28[m[K,
                 from [01m[K/opt/ros/melodic/include/control_box_rst/corbo-controllers/predictive_controller.h:28[m[K,
                 from [01m[K/home/vialab/mpc_traj_ws/src/mpc_local_planner/mpc_local_planner/include/mpc_local_planner/controller.h:26[m[K,
                 from [01m[K/home/vialab/mpc_traj_ws/src/mpc_local_planner/mpc_local_planner/src/controller.cpp:23[m[K:
[01m[K/usr/include/c++/7/complex:344:5:[m[K [01;36m[Knote: [m[Kcandidate: template<class _Tp> std::complex<_Tp> std::operator+(const _Tp&, const std::complex<_Tp>&)
     [01;36m[Koperator[m[K+(const _Tp& __x, const complex<_Tp>& __y)
     [01;36m[K^~~~~~~~[m[K
[01m[K/usr/include/c++/7/complex:344:5:[m[K [01;36m[Knote: [m[K  template argument deduction/substitution failed:
[01m[K/home/vialab/mpc_traj_ws/src/mpc_local_planner/mpc_local_planner/src/controller.cpp:221:62:[m[K [01;36m[Knote: [m[K  mismatched types ‘[01m[Kconst std::complex<_Tp>[m[K’ and ‘[01m[Kint[m[K’
     std::cout<< "Controls list length " << *(#msg.controls + [01;36m[K1[m[K) - 1 << std::endl;
                                                              [01;36m[K^[m[K
In file included from [01m[K/usr/include/eigen3/Eigen/Core:80:0[m[K,
                 from [01m[K/opt/ros/melodic/include/control_box_rst/corbo-core/types.h:28[m[K,
                 from [01m[K/opt/ros/melodic/include/control_box_rst/corbo-controllers/statistics.h:29[m[K,
                 from [01m[K/opt/ros/melodic/include/control_box_rst/corbo-controllers/controller_interface.h:28[m[K,
                 from [01m[K/opt/ros/melodic/include/control_box_rst/corbo-controllers/predictive_controller.h:28[m[K,
                 from [01m[K/home/vialab/mpc_traj_ws/src/mpc_local_planner/mpc_local_planner/include/mpc_local_planner/controller.h:26[m[K,
                 from [01m[K/home/vialab/mpc_traj_ws/src/mpc_local_planner/mpc_local_planner/src/controller.cpp:23[m[K:
[01m[K/usr/include/c++/7/complex:335:5:[m[K [01;36m[Knote: [m[Kcandidate: template<class _Tp> std::complex<_Tp> std::operator+(const std::complex<_Tp>&, const _Tp&)
     [01;36m[Koperator[m[K+(const complex<_Tp>& __x, const _Tp& __y)
     [01;36m[K^~~~~~~~[m[K
[01m[K/usr/include/c++/7/complex:335:5:[m[K [01;36m[Knote: [m[K  template argument deduction/substitution failed:
[01m[K/home/vialab/mpc_traj_ws/src/mpc_local_planner/mpc_local_planner/src/controller.cpp:221:62:[m[K [01;36m[Knote: [m[K  ‘[01m[Kmpc_local_planner_msgs::OptimalControlResult_<std::allocator<void> >::_controls_type {aka std::vector<double>}[m[K’ is not derived from ‘[01m[Kconst std::complex<_Tp>[m[K’
     std::cout<< "Controls list length " << *(#msg.controls + [01;36m[K1[m[K) - 1 << std::endl;
                                                              [01;36m[K^[m[K
In file included from [01m[K/usr/include/eigen3/Eigen/Core:80:0[m[K,
                 from [01m[K/opt/ros/melodic/include/control_box_rst/corbo-core/types.h:28[m[K,
                 from [01m[K/opt/ros/melodic/include/control_box_rst/corbo-controllers/statistics.h:29[m[K,
                 from [01m[K/opt/ros/melodic/include/control_box_rst/corbo-controllers/controller_interface.h:28[m[K,
                 from [01m[K/opt/ros/melodic/include/control_box_rst/corbo-controllers/predictive_controller.h:28[m[K,
                 from [01m[K/home/vialab/mpc_traj_ws/src/mpc_local_planner/mpc_local_planner/include/mpc_local_planner/controller.h:26[m[K,
                 from [01m[K/home/vialab/mpc_traj_ws/src/mpc_local_planner/mpc_local_planner/src/controller.cpp:23[m[K:
[01m[K/usr/include/c++/7/complex:326:5:[m[K [01;36m[Knote: [m[Kcandidate: template<class _Tp> std::complex<_Tp> std::operator+(const std::complex<_Tp>&, const std::complex<_Tp>&)
     [01;36m[Koperator[m[K+(const complex<_Tp>& __x, const complex<_Tp>& __y)
     [01;36m[K^~~~~~~~[m[K
[01m[K/usr/include/c++/7/complex:326:5:[m[K [01;36m[Knote: [m[K  template argument deduction/substitution failed:
[01m[K/home/vialab/mpc_traj_ws/src/mpc_local_planner/mpc_local_planner/src/controller.cpp:221:62:[m[K [01;36m[Knote: [m[K  ‘[01m[Kmpc_local_planner_msgs::OptimalControlResult_<std::allocator<void> >::_controls_type {aka std::vector<double>}[m[K’ is not derived from ‘[01m[Kconst std::complex<_Tp>[m[K’
     std::cout<< "Controls list length " << *(#msg.controls + [01;36m[K1[m[K) - 1 << std::endl;
                                                              [01;36m[K^[m[K
In file included from [01m[K/usr/include/c++/7/string:52:0[m[K,
                 from [01m[K/usr/include/c++/7/stdexcept:39[m[K,
                 from [01m[K/usr/include/c++/7/array:39[m[K,
                 from [01m[K/usr/include/c++/7/tuple:39[m[K,
                 from [01m[K/usr/include/c++/7/bits/unique_ptr.h:37[m[K,
                 from [01m[K/usr/include/c++/7/memory:80[m[K,
                 from [01m[K/usr/include/c++/7/thread:39[m[K,
                 from [01m[K/opt/ros/melodic/include/control_box_rst/corbo-core/time.h:29[m[K,
                 from [01m[K/opt/ros/melodic/include/control_box_rst/corbo-controllers/statistics.h:28[m[K,
                 from [01m[K/opt/ros/melodic/include/control_box_rst/corbo-controllers/controller_interface.h:28[m[K,
                 from [01m[K/opt/ros/melodic/include/control_box_rst/corbo-controllers/predictive_controller.h:28[m[K,
                 from [01m[K/home/vialab/mpc_traj_ws/src/mpc_local_planner/mpc_local_planner/include/mpc_local_planner/controller.h:26[m[K,
                 from [01m[K/home/vialab/mpc_traj_ws/src/mpc_local_planner/mpc_local_planner/src/controller.cpp:23[m[K:
[01m[K/usr/include/c++/7/bits/basic_string.h:5995:5:[m[K [01;36m[Knote: [m[Kcandidate: template<class _CharT, class _Traits, class _Alloc> std::__cxx11::basic_string<_CharT, _Traits, _Alloc> std::operator+(std::__cxx11::basic_string<_CharT, _Traits, _Alloc>&&, _CharT)
     [01;36m[Koperator[m[K+(basic_string<_CharT, _Traits, _Alloc>&& __lhs,
     [01;36m[K^~~~~~~~[m[K
[01m[K/usr/include/c++/7/bits/basic_string.h:5995:5:[m[K [01;36m[Knote: [m[K  template argument deduction/substitution failed:
[01m[K/home/vialab/mpc_traj_ws/src/mpc_local_planner/mpc_local_planner/src/controller.cpp:221:62:[m[K [01;36m[Knote: [m[K  ‘[01m[Kmpc_local_planner_msgs::OptimalControlResult_<std::allocator<void> >::_controls_type {aka std::vector<double>}[m[K’ is not derived from ‘[01m[Kstd::__cxx11::basic_string<_CharT, _Traits, _Alloc>[m[K’
     std::cout<< "Controls list length " << *(#msg.controls + [01;36m[K1[m[K) - 1 << std::endl;
                                                              [01;36m[K^[m[K
In file included from [01m[K/usr/include/c++/7/string:52:0[m[K,
                 from [01m[K/usr/include/c++/7/stdexcept:39[m[K,
                 from [01m[K/usr/include/c++/7/array:39[m[K,
                 from [01m[K/usr/include/c++/7/tuple:39[m[K,
                 from [01m[K/usr/include/c++/7/bits/unique_ptr.h:37[m[K,
                 from [01m[K/usr/include/c++/7/memory:80[m[K,
                 from [01m[K/usr/include/c++/7/thread:39[m[K,
                 from [01m[K/opt/ros/melodic/include/control_box_rst/corbo-core/time.h:29[m[K,
                 from [01m[K/opt/ros/melodic/include/control_box_rst/corbo-controllers/statistics.h:28[m[K,
                 from [01m[K/opt/ros/melodic/include/control_box_rst/corbo-controllers/controller_interface.h:28[m[K,
                 from [01m[K/opt/ros/melodic/include/control_box_rst/corbo-controllers/predictive_controller.h:28[m[K,
                 from [01m[K/home/vialab/mpc_traj_ws/src/mpc_local_planner/mpc_local_planner/include/mpc_local_planner/controller.h:26[m[K,
                 from [01m[K/home/vialab/mpc_traj_ws/src/mpc_local_planner/mpc_local_planner/src/controller.cpp:23[m[K:
[01m[K/usr/include/c++/7/bits/basic_string.h:5989:5:[m[K [01;36m[Knote: [m[Kcandidate: template<class _CharT, class _Traits, class _Alloc> std::__cxx11::basic_string<_CharT, _Traits, _Alloc> std::operator+(std::__cxx11::basic_string<_CharT, _Traits, _Alloc>&&, const _CharT*)
     [01;36m[Koperator[m[K+(basic_string<_CharT, _Traits, _Alloc>&& __lhs,
     [01;36m[K^~~~~~~~[m[K
[01m[K/usr/include/c++/7/bits/basic_string.h:5989:5:[m[K [01;36m[Knote: [m[K  template argument deduction/substitution failed:
[01m[K/home/vialab/mpc_traj_ws/src/mpc_local_planner/mpc_local_planner/src/controller.cpp:221:62:[m[K [01;36m[Knote: [m[K  ‘[01m[Kmpc_local_planner_msgs::OptimalControlResult_<std::allocator<void> >::_controls_type {aka std::vector<double>}[m[K’ is not derived from ‘[01m[Kstd::__cxx11::basic_string<_CharT, _Traits, _Alloc>[m[K’
     std::cout<< "Controls list length " << *(#msg.controls + [01;36m[K1[m[K) - 1 << std::endl;
                                                              [01;36m[K^[m[K
In file included from [01m[K/usr/include/c++/7/string:52:0[m[K,
                 from [01m[K/usr/include/c++/7/stdexcept:39[m[K,
                 from [01m[K/usr/include/c++/7/array:39[m[K,
                 from [01m[K/usr/include/c++/7/tuple:39[m[K,
                 from [01m[K/usr/include/c++/7/bits/unique_ptr.h:37[m[K,
                 from [01m[K/usr/include/c++/7/memory:80[m[K,
                 from [01m[K/usr/include/c++/7/thread:39[m[K,
                 from [01m[K/opt/ros/melodic/include/control_box_rst/corbo-core/time.h:29[m[K,
                 from [01m[K/opt/ros/melodic/include/control_box_rst/corbo-controllers/statistics.h:28[m[K,
                 from [01m[K/opt/ros/melodic/include/control_box_rst/corbo-controllers/controller_interface.h:28[m[K,
                 from [01m[K/opt/ros/melodic/include/control_box_rst/corbo-controllers/predictive_controller.h:28[m[K,
                 from [01m[K/home/vialab/mpc_traj_ws/src/mpc_local_planner/mpc_local_planner/include/mpc_local_planner/controller.h:26[m[K,
                 from [01m[K/home/vialab/mpc_traj_ws/src/mpc_local_planner/mpc_local_planner/src/controller.cpp:23[m[K:
[01m[K/usr/include/c++/7/bits/basic_string.h:5983:5:[m[K [01;36m[Knote: [m[Kcandidate: template<class _CharT, class _Traits, class _Alloc> std::__cxx11::basic_string<_CharT, _Traits, _Alloc> std::operator+(_CharT, std::__cxx11::basic_string<_CharT, _Traits, _Alloc>&&)
     [01;36m[Koperator[m[K+(_CharT __lhs,
     [01;36m[K^~~~~~~~[m[K
[01m[K/usr/include/c++/7/bits/basic_string.h:5983:5:[m[K [01;36m[Knote: [m[K  template argument deduction/substitution failed:
[01m[K/home/vialab/mpc_traj_ws/src/mpc_local_planner/mpc_local_planner/src/controller.cpp:221:62:[m[K [01;36m[Knote: [m[K  mismatched types ‘[01m[Kstd::__cxx11::basic_string<_CharT, _Traits, _Alloc>[m[K’ and ‘[01m[Kint[m[K’
     std::cout<< "Controls list length " << *(#msg.controls + [01;36m[K1[m[K) - 1 << std::endl;
                                                              [01;36m[K^[m[K
In file included from [01m[K/usr/include/c++/7/string:52:0[m[K,
                 from [01m[K/usr/include/c++/7/stdexcept:39[m[K,
                 from [01m[K/usr/include/c++/7/array:39[m[K,
                 from [01m[K/usr/include/c++/7/tuple:39[m[K,
                 from [01m[K/usr/include/c++/7/bits/unique_ptr.h:37[m[K,
                 from [01m[K/usr/include/c++/7/memory:80[m[K,
                 from [01m[K/usr/include/c++/7/thread:39[m[K,
                 from [01m[K/opt/ros/melodic/include/control_box_rst/corbo-core/time.h:29[m[K,
                 from [01m[K/opt/ros/melodic/include/control_box_rst/corbo-controllers/statistics.h:28[m[K,
                 from [01m[K/opt/ros/melodic/include/control_box_rst/corbo-controllers/controller_interface.h:28[m[K,
                 from [01m[K/opt/ros/melodic/include/control_box_rst/corbo-controllers/predictive_controller.h:28[m[K,
                 from [01m[K/home/vialab/mpc_traj_ws/src/mpc_local_planner/mpc_local_planner/include/mpc_local_planner/controller.h:26[m[K,
                 from [01m[K/home/vialab/mpc_traj_ws/src/mpc_local_planner/mpc_local_planner/src/controller.cpp:23[m[K:
[01m[K/usr/include/c++/7/bits/basic_string.h:5977:5:[m[K [01;36m[Knote: [m[Kcandidate: template<class _CharT, class _Traits, class _Alloc> std::__cxx11::basic_string<_CharT, _Traits, _Alloc> std::operator+(const _CharT*, std::__cxx11::basic_string<_CharT, _Traits, _Alloc>&&)
     [01;36m[Koperator[m[K+(const _CharT* __lhs,
     [01;36m[K^~~~~~~~[m[K
[01m[K/usr/include/c++/7/bits/basic_string.h:5977:5:[m[K [01;36m[Knote: [m[K  template argument deduction/substitution failed:
[01m[K/home/vialab/mpc_traj_ws/src/mpc_local_planner/mpc_local_planner/src/controller.cpp:221:62:[m[K [01;36m[Knote: [m[K  mismatched types ‘[01m[Kconst _CharT*[m[K’ and ‘[01m[Kstd::vector<double>[m[K’
     std::cout<< "Controls list length " << *(#msg.controls + [01;36m[K1[m[K) - 1 << std::endl;
                                                              [01;36m[K^[m[K
In file included from [01m[K/usr/include/c++/7/string:52:0[m[K,
                 from [01m[K/usr/include/c++/7/stdexcept:39[m[K,
                 from [01m[K/usr/include/c++/7/array:39[m[K,
                 from [01m[K/usr/include/c++/7/tuple:39[m[K,
                 from [01m[K/usr/include/c++/7/bits/unique_ptr.h:37[m[K,
                 from [01m[K/usr/include/c++/7/memory:80[m[K,
                 from [01m[K/usr/include/c++/7/thread:39[m[K,
                 from [01m[K/opt/ros/melodic/include/control_box_rst/corbo-core/time.h:29[m[K,
                 from [01m[K/opt/ros/melodic/include/control_box_rst/corbo-controllers/statistics.h:28[m[K,
                 from [01m[K/opt/ros/melodic/include/control_box_rst/corbo-controllers/controller_interface.h:28[m[K,
                 from [01m[K/opt/ros/melodic/include/control_box_rst/corbo-controllers/predictive_controller.h:28[m[K,
                 from [01m[K/home/vialab/mpc_traj_ws/src/mpc_local_planner/mpc_local_planner/include/mpc_local_planner/controller.h:26[m[K,
                 from [01m[K/home/vialab/mpc_traj_ws/src/mpc_local_planner/mpc_local_planner/src/controller.cpp:23[m[K:
[01m[K/usr/include/c++/7/bits/basic_string.h:5965:5:[m[K [01;36m[Knote: [m[Kcandidate: template<class _CharT, class _Traits, class _Alloc> std::__cxx11::basic_string<_CharT, _Traits, _Alloc> std::operator+(std::__cxx11::basic_string<_CharT, _Traits, _Alloc>&&, std::__cxx11::basic_string<_CharT, _Traits, _Alloc>&&)
     [01;36m[Koperator[m[K+(basic_string<_CharT, _Traits, _Alloc>&& __lhs,
     [01;36m[K^~~~~~~~[m[K
[01m[K/usr/include/c++/7/bits/basic_string.h:5965:5:[m[K [01;36m[Knote: [m[K  template argument deduction/substitution failed:
[01m[K/home/vialab/mpc_traj_ws/src/mpc_local_planner/mpc_local_planner/src/controller.cpp:221:62:[m[K [01;36m[Knote: [m[K  ‘[01m[Kmpc_local_planner_msgs::OptimalControlResult_<std::allocator<void> >::_controls_type {aka std::vector<double>}[m[K’ is not derived from ‘[01m[Kstd::__cxx11::basic_string<_CharT, _Traits, _Alloc>[m[K’
     std::cout<< "Controls list length " << *(#msg.controls + [01;36m[K1[m[K) - 1 << std::endl;
                                                              [01;36m[K^[m[K
In file included from [01m[K/usr/include/c++/7/string:52:0[m[K,
                 from [01m[K/usr/include/c++/7/stdexcept:39[m[K,
                 from [01m[K/usr/include/c++/7/array:39[m[K,
                 from [01m[K/usr/include/c++/7/tuple:39[m[K,
                 from [01m[K/usr/include/c++/7/bits/unique_ptr.h:37[m[K,
                 from [01m[K/usr/include/c++/7/memory:80[m[K,
                 from [01m[K/usr/include/c++/7/thread:39[m[K,
                 from [01m[K/opt/ros/melodic/include/control_box_rst/corbo-core/time.h:29[m[K,
                 from [01m[K/opt/ros/melodic/include/control_box_rst/corbo-controllers/statistics.h:28[m[K,
                 from [01m[K/opt/ros/melodic/include/control_box_rst/corbo-controllers/controller_interface.h:28[m[K,
                 from [01m[K/opt/ros/melodic/include/control_box_rst/corbo-controllers/predictive_controller.h:28[m[K,
                 from [01m[K/home/vialab/mpc_traj_ws/src/mpc_local_planner/mpc_local_planner/include/mpc_local_planner/controller.h:26[m[K,
                 from [01m[K/home/vialab/mpc_traj_ws/src/mpc_local_planner/mpc_local_planner/src/controller.cpp:23[m[K:
[01m[K/usr/include/c++/7/bits/basic_string.h:5959:5:[m[K [01;36m[Knote: [m[Kcandidate: template<class _CharT, class _Traits, class _Alloc> std::__cxx11::basic_string<_CharT, _Traits, _Alloc> std::operator+(const std::__cxx11::basic_string<_CharT, _Traits, _Alloc>&, std::__cxx11::basic_string<_CharT, _Traits, _Alloc>&&)
     [01;36m[Koperator[m[K+(const basic_string<_CharT, _Traits, _Alloc>& __lhs,
     [01;36m[K^~~~~~~~[m[K
[01m[K/usr/include/c++/7/bits/basic_string.h:5959:5:[m[K [01;36m[Knote: [m[K  template argument deduction/substitution failed:
[01m[K/home/vialab/mpc_traj_ws/src/mpc_local_planner/mpc_local_planner/src/controller.cpp:221:62:[m[K [01;36m[Knote: [m[K  ‘[01m[Kmpc_local_planner_msgs::OptimalControlResult_<std::allocator<void> >::_controls_type {aka std::vector<double>}[m[K’ is not derived from ‘[01m[Kconst std::__cxx11::basic_string<_CharT, _Traits, _Alloc>[m[K’
     std::cout<< "Controls list length " << *(#msg.controls + [01;36m[K1[m[K) - 1 << std::endl;
                                                              [01;36m[K^[m[K
In file included from [01m[K/usr/include/c++/7/string:52:0[m[K,
                 from [01m[K/usr/include/c++/7/stdexcept:39[m[K,
                 from [01m[K/usr/include/c++/7/array:39[m[K,
                 from [01m[K/usr/include/c++/7/tuple:39[m[K,
                 from [01m[K/usr/include/c++/7/bits/unique_ptr.h:37[m[K,
                 from [01m[K/usr/include/c++/7/memory:80[m[K,
                 from [01m[K/usr/include/c++/7/thread:39[m[K,
                 from [01m[K/opt/ros/melodic/include/control_box_rst/corbo-core/time.h:29[m[K,
                 from [01m[K/opt/ros/melodic/include/control_box_rst/corbo-controllers/statistics.h:28[m[K,
                 from [01m[K/opt/ros/melodic/include/control_box_rst/corbo-controllers/controller_interface.h:28[m[K,
                 from [01m[K/opt/ros/melodic/include/control_box_rst/corbo-controllers/predictive_controller.h:28[m[K,
                 from [01m[K/home/vialab/mpc_traj_ws/src/mpc_local_planner/mpc_local_planner/include/mpc_local_planner/controller.h:26[m[K,
                 from [01m[K/home/vialab/mpc_traj_ws/src/mpc_local_planner/mpc_local_planner/src/controller.cpp:23[m[K:
[01m[K/usr/include/c++/7/bits/basic_string.h:5953:5:[m[K [01;36m[Knote: [m[Kcandidate: template<class _CharT, class _Traits, class _Alloc> std::__cxx11::basic_string<_CharT, _Traits, _Alloc> std::operator+(std::__cxx11::basic_string<_CharT, _Traits, _Alloc>&&, const std::__cxx11::basic_string<_CharT, _Traits, _Alloc>&)
     [01;36m[Koperator[m[K+(basic_string<_CharT, _Traits, _Alloc>&& __lhs,
     [01;36m[K^~~~~~~~[m[K
[01m[K/usr/include/c++/7/bits/basic_string.h:5953:5:[m[K [01;36m[Knote: [m[K  template argument deduction/substitution failed:
[01m[K/home/vialab/mpc_traj_ws/src/mpc_local_planner/mpc_local_planner/src/controller.cpp:221:62:[m[K [01;36m[Knote: [m[K  ‘[01m[Kmpc_local_planner_msgs::OptimalControlResult_<std::allocator<void> >::_controls_type {aka std::vector<double>}[m[K’ is not derived from ‘[01m[Kstd::__cxx11::basic_string<_CharT, _Traits, _Alloc>[m[K’
     std::cout<< "Controls list length " << *(#msg.controls + [01;36m[K1[m[K) - 1 << std::endl;
                                                              [01;36m[K^[m[K
In file included from [01m[K/usr/include/c++/7/string:52:0[m[K,
                 from [01m[K/usr/include/c++/7/stdexcept:39[m[K,
                 from [01m[K/usr/include/c++/7/array:39[m[K,
                 from [01m[K/usr/include/c++/7/tuple:39[m[K,
                 from [01m[K/usr/include/c++/7/bits/unique_ptr.h:37[m[K,
                 from [01m[K/usr/include/c++/7/memory:80[m[K,
                 from [01m[K/usr/include/c++/7/thread:39[m[K,
                 from [01m[K/opt/ros/melodic/include/control_box_rst/corbo-core/time.h:29[m[K,
                 from [01m[K/opt/ros/melodic/include/control_box_rst/corbo-controllers/statistics.h:28[m[K,
                 from [01m[K/opt/ros/melodic/include/control_box_rst/corbo-controllers/controller_interface.h:28[m[K,
                 from [01m[K/opt/ros/melodic/include/control_box_rst/corbo-controllers/predictive_controller.h:28[m[K,
                 from [01m[K/home/vialab/mpc_traj_ws/src/mpc_local_planner/mpc_local_planner/include/mpc_local_planner/controller.h:26[m[K,
                 from [01m[K/home/vialab/mpc_traj_ws/src/mpc_local_planner/mpc_local_planner/src/controller.cpp:23[m[K:
[01m[K/usr/include/c++/7/bits/basic_string.h:5941:5:[m[K [01;36m[Knote: [m[Kcandidate: template<class _CharT, class _Traits, class _Alloc> std::__cxx11::basic_string<_CharT, _Traits, _Alloc> std::operator+(const std::__cxx11::basic_string<_CharT, _Traits, _Alloc>&, _CharT)
     [01;36m[Koperator[m[K+(const basic_string<_CharT, _Traits, _Alloc>& __lhs, _CharT __rhs)
     [01;36m[K^~~~~~~~[m[K
[01m[K/usr/include/c++/7/bits/basic_string.h:5941:5:[m[K [01;36m[Knote: [m[K  template argument deduction/substitution failed:
[01m[K/home/vialab/mpc_traj_ws/src/mpc_local_planner/mpc_local_planner/src/controller.cpp:221:62:[m[K [01;36m[Knote: [m[K  ‘[01m[Kmpc_local_planner_msgs::OptimalControlResult_<std::allocator<void> >::_controls_type {aka std::vector<double>}[m[K’ is not derived from ‘[01m[Kconst std::__cxx11::basic_string<_CharT, _Traits, _Alloc>[m[K’
     std::cout<< "Controls list length " << *(#msg.controls + [01;36m[K1[m[K) - 1 << std::endl;
                                                              [01;36m[K^[m[K
In file included from [01m[K/usr/include/c++/7/string:52:0[m[K,
                 from [01m[K/usr/include/c++/7/stdexcept:39[m[K,
                 from [01m[K/usr/include/c++/7/array:39[m[K,
                 from [01m[K/usr/include/c++/7/tuple:39[m[K,
                 from [01m[K/usr/include/c++/7/bits/unique_ptr.h:37[m[K,
                 from [01m[K/usr/include/c++/7/memory:80[m[K,
                 from [01m[K/usr/include/c++/7/thread:39[m[K,
                 from [01m[K/opt/ros/melodic/include/control_box_rst/corbo-core/time.h:29[m[K,
                 from [01m[K/opt/ros/melodic/include/control_box_rst/corbo-controllers/statistics.h:28[m[K,
                 from [01m[K/opt/ros/melodic/include/control_box_rst/corbo-controllers/controller_interface.h:28[m[K,
                 from [01m[K/opt/ros/melodic/include/control_box_rst/corbo-controllers/predictive_controller.h:28[m[K,
                 from [01m[K/home/vialab/mpc_traj_ws/src/mpc_local_planner/mpc_local_planner/include/mpc_local_planner/controller.h:26[m[K,
                 from [01m[K/home/vialab/mpc_traj_ws/src/mpc_local_planner/mpc_local_planner/src/controller.cpp:23[m[K:
[01m[K/usr/include/c++/7/bits/basic_string.h:5925:5:[m[K [01;36m[Knote: [m[Kcandidate: template<class _CharT, class _Traits, class _Alloc> std::__cxx11::basic_string<_CharT, _Traits, _Alloc> std::operator+(const std::__cxx11::basic_string<_CharT, _Traits, _Alloc>&, const _CharT*)
     [01;36m[Koperator[m[K+(const basic_string<_CharT, _Traits, _Alloc>& __lhs,
     [01;36m[K^~~~~~~~[m[K
[01m[K/usr/include/c++/7/bits/basic_string.h:5925:5:[m[K [01;36m[Knote: [m[K  template argument deduction/substitution failed:
[01m[K/home/vialab/mpc_traj_ws/src/mpc_local_planner/mpc_local_planner/src/controller.cpp:221:62:[m[K [01;36m[Knote: [m[K  ‘[01m[Kmpc_local_planner_msgs::OptimalControlResult_<std::allocator<void> >::_controls_type {aka std::vector<double>}[m[K’ is not derived from ‘[01m[Kconst std::__cxx11::basic_string<_CharT, _Traits, _Alloc>[m[K’
     std::cout<< "Controls list length " << *(#msg.controls + [01;36m[K1[m[K) - 1 << std::endl;
                                                              [01;36m[K^[m[K
In file included from [01m[K/usr/include/c++/7/string:53:0[m[K,
                 from [01m[K/usr/include/c++/7/stdexcept:39[m[K,
                 from [01m[K/usr/include/c++/7/array:39[m[K,
                 from [01m[K/usr/include/c++/7/tuple:39[m[K,
                 from [01m[K/usr/include/c++/7/bits/unique_ptr.h:37[m[K,
                 from [01m[K/usr/include/c++/7/memory:80[m[K,
                 from [01m[K/usr/include/c++/7/thread:39[m[K,
                 from [01m[K/opt/ros/melodic/include/control_box_rst/corbo-core/time.h:29[m[K,
                 from [01m[K/opt/ros/melodic/include/control_box_rst/corbo-controllers/statistics.h:28[m[K,
                 from [01m[K/opt/ros/melodic/include/control_box_rst/corbo-controllers/controller_interface.h:28[m[K,
                 from [01m[K/opt/ros/melodic/include/control_box_rst/corbo-controllers/predictive_controller.h:28[m[K,
                 from [01m[K/home/vialab/mpc_traj_ws/src/mpc_local_planner/mpc_local_planner/include/mpc_local_planner/controller.h:26[m[K,
                 from [01m[K/home/vialab/mpc_traj_ws/src/mpc_local_planner/mpc_local_planner/src/controller.cpp:23[m[K:
[01m[K/usr/include/c++/7/bits/basic_string.tcc:1173:5:[m[K [01;36m[Knote: [m[Kcandidate: template<class _CharT, class _Traits, class _Alloc> std::__cxx11::basic_string<_CharT, _Traits, _Alloc> std::operator+(_CharT, const std::__cxx11::basic_string<_CharT, _Traits, _Alloc>&)
     [01;36m[Koperator[m[K+(_CharT __lhs, const basic_string<_CharT, _Traits, _Alloc>& __rhs)
     [01;36m[K^~~~~~~~[m[K
[01m[K/usr/include/c++/7/bits/basic_string.tcc:1173:5:[m[K [01;36m[Knote: [m[K  template argument deduction/substitution failed:
[01m[K/home/vialab/mpc_traj_ws/src/mpc_local_planner/mpc_local_planner/src/controller.cpp:221:62:[m[K [01;36m[Knote: [m[K  mismatched types ‘[01m[Kconst std::__cxx11::basic_string<_CharT, _Traits, _Alloc>[m[K’ and ‘[01m[Kint[m[K’
     std::cout<< "Controls list length " << *(#msg.controls + [01;36m[K1[m[K) - 1 << std::endl;
                                                              [01;36m[K^[m[K
In file included from [01m[K/usr/include/c++/7/string:53:0[m[K,
                 from [01m[K/usr/include/c++/7/stdexcept:39[m[K,
                 from [01m[K/usr/include/c++/7/array:39[m[K,
                 from [01m[K/usr/include/c++/7/tuple:39[m[K,
                 from [01m[K/usr/include/c++/7/bits/unique_ptr.h:37[m[K,
                 from [01m[K/usr/include/c++/7/memory:80[m[K,
                 from [01m[K/usr/include/c++/7/thread:39[m[K,
                 from [01m[K/opt/ros/melodic/include/control_box_rst/corbo-core/time.h:29[m[K,
                 from [01m[K/opt/ros/melodic/include/control_box_rst/corbo-controllers/statistics.h:28[m[K,
                 from [01m[K/opt/ros/melodic/include/control_box_rst/corbo-controllers/controller_interface.h:28[m[K,
                 from [01m[K/opt/ros/melodic/include/control_box_rst/corbo-controllers/predictive_controller.h:28[m[K,
                 from [01m[K/home/vialab/mpc_traj_ws/src/mpc_local_planner/mpc_local_planner/include/mpc_local_planner/controller.h:26[m[K,
                 from [01m[K/home/vialab/mpc_traj_ws/src/mpc_local_planner/mpc_local_planner/src/controller.cpp:23[m[K:
[01m[K/usr/include/c++/7/bits/basic_string.tcc:1157:5:[m[K [01;36m[Knote: [m[Kcandidate: template<class _CharT, class _Traits, class _Alloc> std::__cxx11::basic_string<_CharT, _Traits, _Alloc> std::operator+(const _CharT*, const std::__cxx11::basic_string<_CharT, _Traits, _Alloc>&)
     [01;36m[Koperator[m[K+(const _CharT* __lhs,
     [01;36m[K^~~~~~~~[m[K
[01m[K/usr/include/c++/7/bits/basic_string.tcc:1157:5:[m[K [01;36m[Knote: [m[K  template argument deduction/substitution failed:
[01m[K/home/vialab/mpc_traj_ws/src/mpc_local_planner/mpc_local_planner/src/controller.cpp:221:62:[m[K [01;36m[Knote: [m[K  mismatched types ‘[01m[Kconst _CharT*[m[K’ and ‘[01m[Kstd::vector<double>[m[K’
     std::cout<< "Controls list length " << *(#msg.controls + [01;36m[K1[m[K) - 1 << std::endl;
                                                              [01;36m[K^[m[K
In file included from [01m[K/usr/include/c++/7/string:52:0[m[K,
                 from [01m[K/usr/include/c++/7/stdexcept:39[m[K,
                 from [01m[K/usr/include/c++/7/array:39[m[K,
                 from [01m[K/usr/include/c++/7/tuple:39[m[K,
                 from [01m[K/usr/include/c++/7/bits/unique_ptr.h:37[m[K,
                 from [01m[K/usr/include/c++/7/memory:80[m[K,
                 from [01m[K/usr/include/c++/7/thread:39[m[K,
                 from [01m[K/opt/ros/melodic/include/control_box_rst/corbo-core/time.h:29[m[K,
                 from [01m[K/opt/ros/melodic/include/control_box_rst/corbo-controllers/statistics.h:28[m[K,
                 from [01m[K/opt/ros/melodic/include/control_box_rst/corbo-controllers/controller_interface.h:28[m[K,
                 from [01m[K/opt/ros/melodic/include/control_box_rst/corbo-controllers/predictive_controller.h:28[m[K,
                 from [01m[K/home/vialab/mpc_traj_ws/src/mpc_local_planner/mpc_local_planner/include/mpc_local_planner/controller.h:26[m[K,
                 from [01m[K/home/vialab/mpc_traj_ws/src/mpc_local_planner/mpc_local_planner/src/controller.cpp:23[m[K:
[01m[K/usr/include/c++/7/bits/basic_string.h:5888:5:[m[K [01;36m[Knote: [m[Kcandidate: template<class _CharT, class _Traits, class _Alloc> std::__cxx11::basic_string<_CharT, _Traits, _Alloc> std::operator+(const std::__cxx11::basic_string<_CharT, _Traits, _Alloc>&, const std::__cxx11::basic_string<_CharT, _Traits, _Alloc>&)
     [01;36m[Koperator[m[K+(const basic_string<_CharT, _Traits, _Alloc>& __lhs,
     [01;36m[K^~~~~~~~[m[K
[01m[K/usr/include/c++/7/bits/basic_string.h:5888:5:[m[K [01;36m[Knote: [m[K  template argument deduction/substitution failed:
[01m[K/home/vialab/mpc_traj_ws/src/mpc_local_planner/mpc_local_planner/src/controller.cpp:221:62:[m[K [01;36m[Knote: [m[K  ‘[01m[Kmpc_local_planner_msgs::OptimalControlResult_<std::allocator<void> >::_controls_type {aka std::vector<double>}[m[K’ is not derived from ‘[01m[Kconst std::__cxx11::basic_string<_CharT, _Traits, _Alloc>[m[K’
     std::cout<< "Controls list length " << *(#msg.controls + [01;36m[K1[m[K) - 1 << std::endl;
                                                              [01;36m[K^[m[K
In file included from [01m[K/usr/include/c++/7/bits/stl_algobase.h:67:0[m[K,
                 from [01m[K/usr/include/c++/7/memory:62[m[K,
                 from [01m[K/usr/include/c++/7/thread:39[m[K,
                 from [01m[K/opt/ros/melodic/include/control_box_rst/corbo-core/time.h:29[m[K,
                 from [01m[K/opt/ros/melodic/include/control_box_rst/corbo-controllers/statistics.h:28[m[K,
                 from [01m[K/opt/ros/melodic/include/control_box_rst/corbo-controllers/controller_interface.h:28[m[K,
                 from [01m[K/opt/ros/melodic/include/control_box_rst/corbo-controllers/predictive_controller.h:28[m[K,
                 from [01m[K/home/vialab/mpc_traj_ws/src/mpc_local_planner/mpc_local_planner/include/mpc_local_planner/controller.h:26[m[K,
                 from [01m[K/home/vialab/mpc_traj_ws/src/mpc_local_planner/mpc_local_planner/src/controller.cpp:23[m[K:
[01m[K/usr/include/c++/7/bits/stl_iterator.h:1201:5:[m[K [01;36m[Knote: [m[Kcandidate: template<class _Iterator> std::move_iterator<_IteratorL> std::operator+(typename std::move_iterator<_IteratorL>::difference_type, const std::move_iterator<_IteratorL>&)
     [01;36m[Koperator[m[K+(typename move_iterator<_Iterator>::difference_type __n,
     [01;36m[K^~~~~~~~[m[K
[01m[K/usr/include/c++/7/bits/stl_iterator.h:1201:5:[m[K [01;36m[Knote: [m[K  template argument deduction/substitution failed:
[01m[K/home/vialab/mpc_traj_ws/src/mpc_local_planner/mpc_local_planner/src/controller.cpp:221:62:[m[K [01;36m[Knote: [m[K  mismatched types ‘[01m[Kconst std::move_iterator<_IteratorL>[m[K’ and ‘[01m[Kint[m[K’
     std::cout<< "Controls list length " << *(#msg.controls + [01;36m[K1[m[K) - 1 << std::endl;
                                                              [01;36m[K^[m[K
In file included from [01m[K/usr/include/c++/7/bits/stl_algobase.h:67:0[m[K,
                 from [01m[K/usr/include/c++/7/memory:62[m[K,
                 from [01m[K/usr/include/c++/7/thread:39[m[K,
                 from [01m[K/opt/ros/melodic/include/control_box_rst/corbo-core/time.h:29[m[K,
                 from [01m[K/opt/ros/melodic/include/control_box_rst/corbo-controllers/statistics.h:28[m[K,
                 from [01m[K/opt/ros/melodic/include/control_box_rst/corbo-controllers/controller_interface.h:28[m[K,
                 from [01m[K/opt/ros/melodic/include/control_box_rst/corbo-controllers/predictive_controller.h:28[m[K,
                 from [01m[K/home/vialab/mpc_traj_ws/src/mpc_local_planner/mpc_local_planner/include/mpc_local_planner/controller.h:26[m[K,
                 from [01m[K/home/vialab/mpc_traj_ws/src/mpc_local_planner/mpc_local_planner/src/controller.cpp:23[m[K:
[01m[K/usr/include/c++/7/bits/stl_iterator.h:400:5:[m[K [01;36m[Knote: [m[Kcandidate: template<class _Iterator> std::reverse_iterator<_Iterator> std::operator+(typename std::reverse_iterator<_Iterator>::difference_type, const std::reverse_iterator<_Iterator>&)
     [01;36m[Koperator[m[K+(typename reverse_iterator<_Iterator>::difference_type __n,
     [01;36m[K^~~~~~~~[m[K
[01m[K/usr/include/c++/7/bits/stl_iterator.h:400:5:[m[K [01;36m[Knote: [m[K  template argument deduction/substitution failed:
[01m[K/home/vialab/mpc_traj_ws/src/mpc_local_planner/mpc_local_planner/src/controller.cpp:221:62:[m[K [01;36m[Knote: [m[K  mismatched types ‘[01m[Kconst std::reverse_iterator<_Iterator>[m[K’ and ‘[01m[Kint[m[K’
     std::cout<< "Controls list length " << *(#msg.controls + [01;36m[K1[m[K) - 1 << std::endl;
                                                              [01;36m[K^[m[K
In file included from [01m[K/usr/include/c++/7/bits/stl_algobase.h:67:0[m[K,
                 from [01m[K/usr/include/c++/7/memory:62[m[K,
                 from [01m[K/usr/include/c++/7/thread:39[m[K,
                 from [01m[K/opt/ros/melodic/include/control_box_rst/corbo-core/time.h:29[m[K,
                 from [01m[K/opt/ros/melodic/include/control_box_rst/corbo-controllers/statistics.h:28[m[K,
                 from [01m[K/opt/ros/melodic/include/control_box_rst/corbo-controllers/controller_interface.h:28[m[K,
                 from [01m[K/opt/ros/melodic/include/control_box_rst/corbo-controllers/predictive_controller.h:28[m[K,
                 from [01m[K/home/vialab/mpc_traj_ws/src/mpc_local_planner/mpc_local_planner/include/mpc_local_planner/controller.h:26[m[K,
                 from [01m[K/home/vialab/mpc_traj_ws/src/mpc_local_planner/mpc_local_planner/src/controller.cpp:23[m[K:
[01m[K/usr/include/c++/7/bits/stl_iterator.h:972:5:[m[K [01;36m[Knote: [m[Kcandidate: template<class _Iterator, class _Container> __gnu_cxx::__normal_iterator<_Iterator, _Container> __gnu_cxx::operator+(typename __gnu_cxx::__normal_iterator<_Iterator, _Container>::difference_type, const __gnu_cxx::__normal_iterator<_Iterator, _Container>&)
     [01;36m[Koperator[m[K+(typename __normal_iterator<_Iterator, _Container>::difference_type
     [01;36m[K^~~~~~~~[m[K
[01m[K/usr/include/c++/7/bits/stl_iterator.h:972:5:[m[K [01;36m[Knote: [m[K  template argument deduction/substitution failed:
[01m[K/home/vialab/mpc_traj_ws/src/mpc_local_planner/mpc_local_planner/src/controller.cpp:221:62:[m[K [01;36m[Knote: [m[K  mismatched types ‘[01m[Kconst __gnu_cxx::__normal_iterator<_Iterator, _Container>[m[K’ and ‘[01m[Kint[m[K’
     std::cout<< "Controls list length " << *(#msg.controls + [01;36m[K1[m[K) - 1 << std::endl;
                                                              [01;36m[K^[m[K
CMakeFiles/mpc_local_planner.dir/build.make:75: recipe for target 'CMakeFiles/mpc_local_planner.dir/src/controller.cpp.o' failed
make[2]: *** [CMakeFiles/mpc_local_planner.dir/src/controller.cpp.o] Error 1
CMakeFiles/Makefile2:3053: recipe for target 'CMakeFiles/mpc_local_planner.dir/all' failed
make[1]: *** [CMakeFiles/mpc_local_planner.dir/all] Error 2
Makefile:145: recipe for target 'all' failed
make: *** [all] Error 2
