[ 23%] Built target mpc_local_planner_utils
[ 70%] Built target mpc_local_planner_optimal_control
[ 76%] [32mBuilding CXX object CMakeFiles/mpc_local_planner.dir/src/controller.cpp.o[0m
[01m[K/home/vialab/mpc_traj_ws/src/mpc_local_planner/mpc_local_planner/src/controller.cpp:[m[K In member function ‘[01m[Kvoid mpc_local_planner::Controller::publishOptimalControlResult()[m[K’:
[01m[K/home/vialab/mpc_traj_ws/src/mpc_local_planner/mpc_local_planner/src/controller.cpp:221:65:[m[K [01;31m[Kerror: [m[Kno match for ‘[01m[Koperator-[m[K’ (operand types are ‘[01m[Kmpc_local_planner_msgs::OptimalControlResult_<std::allocator<void> >::_controls_type {aka std::vector<double>}[m[K’ and ‘[01m[Kint[m[K’)
     std::cout<< "Controls list length " << [01;31m[K*(&msg.controls + 1) - 1[m[K << std::endl;
                                            [01;31m[K~~~~~~~~~~~~~~~~~~~~~^~~[m[K
In file included from [01m[K/usr/include/c++/7/deque:64:0[m[K,
                 from [01m[K/usr/include/boost/detail/container_fwd.hpp:91[m[K,
                 from [01m[K/usr/include/boost/functional/hash/extensions.hpp:22[m[K,
                 from [01m[K/usr/include/boost/functional/hash/hash.hpp:594[m[K,
                 from [01m[K/usr/include/boost/functional/hash.hpp:6[m[K,
                 from [01m[K/usr/include/boost/unordered/unordered_map.hpp:18[m[K,
                 from [01m[K/usr/include/boost/unordered_map.hpp:17[m[K,
                 from [01m[K/opt/ros/melodic/include/tf/tf.h:45[m[K,
                 from [01m[K/opt/ros/melodic/include/teb_local_planner/obstacles.h:56[m[K,
                 from [01m[K/opt/ros/melodic/include/teb_local_planner/robot_footprint_model.h:44[m[K,
                 from [01m[K/home/vialab/mpc_traj_ws/src/mpc_local_planner/mpc_local_planner/include/mpc_local_planner/optimal_control/stage_inequality_se2.h:29[m[K,
                 from [01m[K/home/vialab/mpc_traj_ws/src/mpc_local_planner/mpc_local_planner/include/mpc_local_planner/controller.h:29[m[K,
                 from [01m[K/home/vialab/mpc_traj_ws/src/mpc_local_planner/mpc_local_planner/src/controller.cpp:23[m[K:
[01m[K/usr/include/c++/7/bits/stl_deque.h:363:5:[m[K [01;36m[Knote: [m[Kcandidate: template<class _Tp, class _RefL, class _PtrL, class _RefR, class _PtrR> typename std::_Deque_iterator<_Tp, _Ref, _Ptr>::difference_type std::operator-(const std::_Deque_iterator<_Tp, _Ref, _Ptr>&, const std::_Deque_iterator<_Tp, _RefR, _PtrR>&)
     [01;36m[Koperator[m[K-(const _Deque_iterator<_Tp, _RefL, _PtrL>& __x,
     [01;36m[K^~~~~~~~[m[K
[01m[K/usr/include/c++/7/bits/stl_deque.h:363:5:[m[K [01;36m[Knote: [m[K  template argument deduction/substitution failed:
[01m[K/home/vialab/mpc_traj_ws/src/mpc_local_planner/mpc_local_planner/src/controller.cpp:221:67:[m[K [01;36m[Knote: [m[K  ‘[01m[Kmpc_local_planner_msgs::OptimalControlResult_<std::allocator<void> >::_controls_type {aka std::vector<double>}[m[K’ is not derived from ‘[01m[Kconst std::_Deque_iterator<_Tp, _Ref, _Ptr>[m[K’
     std::cout<< "Controls list length " << *(&msg.controls + 1) - [01;36m[K1[m[K << std::endl;
                                                                   [01;36m[K^[m[K
In file included from [01m[K/usr/include/c++/7/deque:64:0[m[K,
                 from [01m[K/usr/include/boost/detail/container_fwd.hpp:91[m[K,
                 from [01m[K/usr/include/boost/functional/hash/extensions.hpp:22[m[K,
                 from [01m[K/usr/include/boost/functional/hash/hash.hpp:594[m[K,
                 from [01m[K/usr/include/boost/functional/hash.hpp:6[m[K,
                 from [01m[K/usr/include/boost/unordered/unordered_map.hpp:18[m[K,
                 from [01m[K/usr/include/boost/unordered_map.hpp:17[m[K,
                 from [01m[K/opt/ros/melodic/include/tf/tf.h:45[m[K,
                 from [01m[K/opt/ros/melodic/include/teb_local_planner/obstacles.h:56[m[K,
                 from [01m[K/opt/ros/melodic/include/teb_local_planner/robot_footprint_model.h:44[m[K,
                 from [01m[K/home/vialab/mpc_traj_ws/src/mpc_local_planner/mpc_local_planner/include/mpc_local_planner/optimal_control/stage_inequality_se2.h:29[m[K,
                 from [01m[K/home/vialab/mpc_traj_ws/src/mpc_local_planner/mpc_local_planner/include/mpc_local_planner/controller.h:29[m[K,
                 from [01m[K/home/vialab/mpc_traj_ws/src/mpc_local_planner/mpc_local_planner/src/controller.cpp:23[m[K:
[01m[K/usr/include/c++/7/bits/stl_deque.h:351:5:[m[K [01;36m[Knote: [m[Kcandidate: template<class _Tp, class _Ref, class _Ptr> typename std::_Deque_iterator<_Tp, _Ref, _Ptr>::difference_type std::operator-(const std::_Deque_iterator<_Tp, _Ref, _Ptr>&, const std::_Deque_iterator<_Tp, _Ref, _Ptr>&)
     [01;36m[Koperator[m[K-(const _Deque_iterator<_Tp, _Ref, _Ptr>& __x,
     [01;36m[K^~~~~~~~[m[K
[01m[K/usr/include/c++/7/bits/stl_deque.h:351:5:[m[K [01;36m[Knote: [m[K  template argument deduction/substitution failed:
[01m[K/home/vialab/mpc_traj_ws/src/mpc_local_planner/mpc_local_planner/src/controller.cpp:221:67:[m[K [01;36m[Knote: [m[K  ‘[01m[Kmpc_local_planner_msgs::OptimalControlResult_<std::allocator<void> >::_controls_type {aka std::vector<double>}[m[K’ is not derived from ‘[01m[Kconst std::_Deque_iterator<_Tp, _Ref, _Ptr>[m[K’
     std::cout<< "Controls list length " << *(&msg.controls + 1) - [01;36m[K1[m[K << std::endl;
                                                                   [01;36m[K^[m[K
In file included from [01m[K/usr/include/c++/7/vector:65:0[m[K,
                 from [01m[K/opt/ros/melodic/include/control_box_rst/corbo-core/time_series.h:37[m[K,
                 from [01m[K/opt/ros/melodic/include/control_box_rst/corbo-core/signals.h:30[m[K,
                 from [01m[K/opt/ros/melodic/include/control_box_rst/corbo-core/reference_trajectory.h:29[m[K,
                 from [01m[K/opt/ros/melodic/include/control_box_rst/corbo-controllers/controller_interface.h:30[m[K,
                 from [01m[K/opt/ros/melodic/include/control_box_rst/corbo-controllers/predictive_controller.h:28[m[K,
                 from [01m[K/home/vialab/mpc_traj_ws/src/mpc_local_planner/mpc_local_planner/include/mpc_local_planner/controller.h:26[m[K,
                 from [01m[K/home/vialab/mpc_traj_ws/src/mpc_local_planner/mpc_local_planner/src/controller.cpp:23[m[K:
[01m[K/usr/include/c++/7/bits/stl_bvector.h:208:3:[m[K [01;36m[Knote: [m[Kcandidate: std::ptrdiff_t std::operator-(const std::_Bit_iterator_base&, const std::_Bit_iterator_base&)
   [01;36m[Koperator[m[K-(const _Bit_iterator_base& __x, const _Bit_iterator_base& __y)
   [01;36m[K^~~~~~~~[m[K
[01m[K/usr/include/c++/7/bits/stl_bvector.h:208:3:[m[K [01;36m[Knote: [m[K  no known conversion for argument 1 from ‘[01m[Kmpc_local_planner_msgs::OptimalControlResult_<std::allocator<void> >::_controls_type {aka std::vector<double>}[m[K’ to ‘[01m[Kconst std::_Bit_iterator_base&[m[K’
In file included from [01m[K/usr/include/eigen3/Eigen/Core:80:0[m[K,
                 from [01m[K/opt/ros/melodic/include/control_box_rst/corbo-core/types.h:28[m[K,
                 from [01m[K/opt/ros/melodic/include/control_box_rst/corbo-controllers/statistics.h:29[m[K,
                 from [01m[K/opt/ros/melodic/include/control_box_rst/corbo-controllers/controller_interface.h:28[m[K,
                 from [01m[K/opt/ros/melodic/include/control_box_rst/corbo-controllers/predictive_controller.h:28[m[K,
                 from [01m[K/home/vialab/mpc_traj_ws/src/mpc_local_planner/mpc_local_planner/include/mpc_local_planner/controller.h:26[m[K,
                 from [01m[K/home/vialab/mpc_traj_ws/src/mpc_local_planner/mpc_local_planner/src/controller.cpp:23[m[K:
[01m[K/usr/include/c++/7/complex:451:5:[m[K [01;36m[Knote: [m[Kcandidate: template<class _Tp> std::complex<_Tp> std::operator-(const std::complex<_Tp>&)
     [01;36m[Koperator[m[K-(const complex<_Tp>& __x)
     [01;36m[K^~~~~~~~[m[K
[01m[K/usr/include/c++/7/complex:451:5:[m[K [01;36m[Knote: [m[K  template argument deduction/substitution failed:
[01m[K/home/vialab/mpc_traj_ws/src/mpc_local_planner/mpc_local_planner/src/controller.cpp:221:67:[m[K [01;36m[Knote: [m[K  ‘[01m[Kmpc_local_planner_msgs::OptimalControlResult_<std::allocator<void> >::_controls_type {aka std::vector<double>}[m[K’ is not derived from ‘[01m[Kconst std::complex<_Tp>[m[K’
     std::cout<< "Controls list length " << *(&msg.controls + 1) - [01;36m[K1[m[K << std::endl;
                                                                   [01;36m[K^[m[K
In file included from [01m[K/usr/include/eigen3/Eigen/Core:80:0[m[K,
                 from [01m[K/opt/ros/melodic/include/control_box_rst/corbo-core/types.h:28[m[K,
                 from [01m[K/opt/ros/melodic/include/control_box_rst/corbo-controllers/statistics.h:29[m[K,
                 from [01m[K/opt/ros/melodic/include/control_box_rst/corbo-controllers/controller_interface.h:28[m[K,
                 from [01m[K/opt/ros/melodic/include/control_box_rst/corbo-controllers/predictive_controller.h:28[m[K,
                 from [01m[K/home/vialab/mpc_traj_ws/src/mpc_local_planner/mpc_local_planner/include/mpc_local_planner/controller.h:26[m[K,
                 from [01m[K/home/vialab/mpc_traj_ws/src/mpc_local_planner/mpc_local_planner/src/controller.cpp:23[m[K:
[01m[K/usr/include/c++/7/complex:374:5:[m[K [01;36m[Knote: [m[Kcandidate: template<class _Tp> std::complex<_Tp> std::operator-(const _Tp&, const std::complex<_Tp>&)
     [01;36m[Koperator[m[K-(const _Tp& __x, const complex<_Tp>& __y)
     [01;36m[K^~~~~~~~[m[K
[01m[K/usr/include/c++/7/complex:374:5:[m[K [01;36m[Knote: [m[K  template argument deduction/substitution failed:
[01m[K/home/vialab/mpc_traj_ws/src/mpc_local_planner/mpc_local_planner/src/controller.cpp:221:67:[m[K [01;36m[Knote: [m[K  mismatched types ‘[01m[Kconst std::complex<_Tp>[m[K’ and ‘[01m[Kint[m[K’
     std::cout<< "Controls list length " << *(&msg.controls + 1) - [01;36m[K1[m[K << std::endl;
                                                                   [01;36m[K^[m[K
In file included from [01m[K/usr/include/eigen3/Eigen/Core:80:0[m[K,
                 from [01m[K/opt/ros/melodic/include/control_box_rst/corbo-core/types.h:28[m[K,
                 from [01m[K/opt/ros/melodic/include/control_box_rst/corbo-controllers/statistics.h:29[m[K,
                 from [01m[K/opt/ros/melodic/include/control_box_rst/corbo-controllers/controller_interface.h:28[m[K,
                 from [01m[K/opt/ros/melodic/include/control_box_rst/corbo-controllers/predictive_controller.h:28[m[K,
                 from [01m[K/home/vialab/mpc_traj_ws/src/mpc_local_planner/mpc_local_planner/include/mpc_local_planner/controller.h:26[m[K,
                 from [01m[K/home/vialab/mpc_traj_ws/src/mpc_local_planner/mpc_local_planner/src/controller.cpp:23[m[K:
[01m[K/usr/include/c++/7/complex:365:5:[m[K [01;36m[Knote: [m[Kcandidate: template<class _Tp> std::complex<_Tp> std::operator-(const std::complex<_Tp>&, const _Tp&)
     [01;36m[Koperator[m[K-(const complex<_Tp>& __x, const _Tp& __y)
     [01;36m[K^~~~~~~~[m[K
[01m[K/usr/include/c++/7/complex:365:5:[m[K [01;36m[Knote: [m[K  template argument deduction/substitution failed:
[01m[K/home/vialab/mpc_traj_ws/src/mpc_local_planner/mpc_local_planner/src/controller.cpp:221:67:[m[K [01;36m[Knote: [m[K  ‘[01m[Kmpc_local_planner_msgs::OptimalControlResult_<std::allocator<void> >::_controls_type {aka std::vector<double>}[m[K’ is not derived from ‘[01m[Kconst std::complex<_Tp>[m[K’
     std::cout<< "Controls list length " << *(&msg.controls + 1) - [01;36m[K1[m[K << std::endl;
                                                                   [01;36m[K^[m[K
In file included from [01m[K/usr/include/eigen3/Eigen/Core:80:0[m[K,
                 from [01m[K/opt/ros/melodic/include/control_box_rst/corbo-core/types.h:28[m[K,
                 from [01m[K/opt/ros/melodic/include/control_box_rst/corbo-controllers/statistics.h:29[m[K,
                 from [01m[K/opt/ros/melodic/include/control_box_rst/corbo-controllers/controller_interface.h:28[m[K,
                 from [01m[K/opt/ros/melodic/include/control_box_rst/corbo-controllers/predictive_controller.h:28[m[K,
                 from [01m[K/home/vialab/mpc_traj_ws/src/mpc_local_planner/mpc_local_planner/include/mpc_local_planner/controller.h:26[m[K,
                 from [01m[K/home/vialab/mpc_traj_ws/src/mpc_local_planner/mpc_local_planner/src/controller.cpp:23[m[K:
[01m[K/usr/include/c++/7/complex:356:5:[m[K [01;36m[Knote: [m[Kcandidate: template<class _Tp> std::complex<_Tp> std::operator-(const std::complex<_Tp>&, const std::complex<_Tp>&)
     [01;36m[Koperator[m[K-(const complex<_Tp>& __x, const complex<_Tp>& __y)
     [01;36m[K^~~~~~~~[m[K
[01m[K/usr/include/c++/7/complex:356:5:[m[K [01;36m[Knote: [m[K  template argument deduction/substitution failed:
[01m[K/home/vialab/mpc_traj_ws/src/mpc_local_planner/mpc_local_planner/src/controller.cpp:221:67:[m[K [01;36m[Knote: [m[K  ‘[01m[Kmpc_local_planner_msgs::OptimalControlResult_<std::allocator<void> >::_controls_type {aka std::vector<double>}[m[K’ is not derived from ‘[01m[Kconst std::complex<_Tp>[m[K’
     std::cout<< "Controls list length " << *(&msg.controls + 1) - [01;36m[K1[m[K << std::endl;
                                                                   [01;36m[K^[m[K
In file included from [01m[K/usr/include/c++/7/bits/stl_algobase.h:67:0[m[K,
                 from [01m[K/usr/include/c++/7/memory:62[m[K,
                 from [01m[K/usr/include/c++/7/thread:39[m[K,
                 from [01m[K/opt/ros/melodic/include/control_box_rst/corbo-core/time.h:29[m[K,
                 from [01m[K/opt/ros/melodic/include/control_box_rst/corbo-controllers/statistics.h:28[m[K,
                 from [01m[K/opt/ros/melodic/include/control_box_rst/corbo-controllers/controller_interface.h:28[m[K,
                 from [01m[K/opt/ros/melodic/include/control_box_rst/corbo-controllers/predictive_controller.h:28[m[K,
                 from [01m[K/home/vialab/mpc_traj_ws/src/mpc_local_planner/mpc_local_planner/include/mpc_local_planner/controller.h:26[m[K,
                 from [01m[K/home/vialab/mpc_traj_ws/src/mpc_local_planner/mpc_local_planner/src/controller.cpp:23[m[K:
[01m[K/usr/include/c++/7/bits/stl_iterator.h:1194:5:[m[K [01;36m[Knote: [m[Kcandidate: template<class _IteratorL, class _IteratorR> decltype ((__x.base() - __y.base())) std::operator-(const std::move_iterator<_IteratorL>&, const std::move_iterator<_IteratorR>&)
     [01;36m[Koperator[m[K-(const move_iterator<_IteratorL>& __x,
     [01;36m[K^~~~~~~~[m[K
[01m[K/usr/include/c++/7/bits/stl_iterator.h:1194:5:[m[K [01;36m[Knote: [m[K  template argument deduction/substitution failed:
[01m[K/home/vialab/mpc_traj_ws/src/mpc_local_planner/mpc_local_planner/src/controller.cpp:221:67:[m[K [01;36m[Knote: [m[K  ‘[01m[Kmpc_local_planner_msgs::OptimalControlResult_<std::allocator<void> >::_controls_type {aka std::vector<double>}[m[K’ is not derived from ‘[01m[Kconst std::move_iterator<_IteratorL>[m[K’
     std::cout<< "Controls list length " << *(&msg.controls + 1) - [01;36m[K1[m[K << std::endl;
                                                                   [01;36m[K^[m[K
In file included from [01m[K/usr/include/c++/7/bits/stl_algobase.h:67:0[m[K,
                 from [01m[K/usr/include/c++/7/memory:62[m[K,
                 from [01m[K/usr/include/c++/7/thread:39[m[K,
                 from [01m[K/opt/ros/melodic/include/control_box_rst/corbo-core/time.h:29[m[K,
                 from [01m[K/opt/ros/melodic/include/control_box_rst/corbo-controllers/statistics.h:28[m[K,
                 from [01m[K/opt/ros/melodic/include/control_box_rst/corbo-controllers/controller_interface.h:28[m[K,
                 from [01m[K/opt/ros/melodic/include/control_box_rst/corbo-controllers/predictive_controller.h:28[m[K,
                 from [01m[K/home/vialab/mpc_traj_ws/src/mpc_local_planner/mpc_local_planner/include/mpc_local_planner/controller.h:26[m[K,
                 from [01m[K/home/vialab/mpc_traj_ws/src/mpc_local_planner/mpc_local_planner/src/controller.cpp:23[m[K:
[01m[K/usr/include/c++/7/bits/stl_iterator.h:392:5:[m[K [01;36m[Knote: [m[Kcandidate: template<class _IteratorL, class _IteratorR> decltype ((__y.base() - __x.base())) std::operator-(const std::reverse_iterator<_Iterator>&, const std::reverse_iterator<_IteratorR>&)
     [01;36m[Koperator[m[K-(const reverse_iterator<_IteratorL>& __x,
     [01;36m[K^~~~~~~~[m[K
[01m[K/usr/include/c++/7/bits/stl_iterator.h:392:5:[m[K [01;36m[Knote: [m[K  template argument deduction/substitution failed:
[01m[K/home/vialab/mpc_traj_ws/src/mpc_local_planner/mpc_local_planner/src/controller.cpp:221:67:[m[K [01;36m[Knote: [m[K  ‘[01m[Kmpc_local_planner_msgs::OptimalControlResult_<std::allocator<void> >::_controls_type {aka std::vector<double>}[m[K’ is not derived from ‘[01m[Kconst std::reverse_iterator<_Iterator>[m[K’
     std::cout<< "Controls list length " << *(&msg.controls + 1) - [01;36m[K1[m[K << std::endl;
                                                                   [01;36m[K^[m[K
In file included from [01m[K/usr/include/c++/7/bits/stl_algobase.h:67:0[m[K,
                 from [01m[K/usr/include/c++/7/memory:62[m[K,
                 from [01m[K/usr/include/c++/7/thread:39[m[K,
                 from [01m[K/opt/ros/melodic/include/control_box_rst/corbo-core/time.h:29[m[K,
                 from [01m[K/opt/ros/melodic/include/control_box_rst/corbo-controllers/statistics.h:28[m[K,
                 from [01m[K/opt/ros/melodic/include/control_box_rst/corbo-controllers/controller_interface.h:28[m[K,
                 from [01m[K/opt/ros/melodic/include/control_box_rst/corbo-controllers/predictive_controller.h:28[m[K,
                 from [01m[K/home/vialab/mpc_traj_ws/src/mpc_local_planner/mpc_local_planner/include/mpc_local_planner/controller.h:26[m[K,
                 from [01m[K/home/vialab/mpc_traj_ws/src/mpc_local_planner/mpc_local_planner/src/controller.cpp:23[m[K:
[01m[K/usr/include/c++/7/bits/stl_iterator.h:965:5:[m[K [01;36m[Knote: [m[Kcandidate: template<class _Iterator, class _Container> typename __gnu_cxx::__normal_iterator<_Iterator, _Container>::difference_type __gnu_cxx::operator-(const __gnu_cxx::__normal_iterator<_Iterator, _Container>&, const __gnu_cxx::__normal_iterator<_Iterator, _Container>&)
     [01;36m[Koperator[m[K-(const __normal_iterator<_Iterator, _Container>& __lhs,
     [01;36m[K^~~~~~~~[m[K
[01m[K/usr/include/c++/7/bits/stl_iterator.h:965:5:[m[K [01;36m[Knote: [m[K  template argument deduction/substitution failed:
[01m[K/home/vialab/mpc_traj_ws/src/mpc_local_planner/mpc_local_planner/src/controller.cpp:221:67:[m[K [01;36m[Knote: [m[K  ‘[01m[Kmpc_local_planner_msgs::OptimalControlResult_<std::allocator<void> >::_controls_type {aka std::vector<double>}[m[K’ is not derived from ‘[01m[Kconst __gnu_cxx::__normal_iterator<_Iterator, _Container>[m[K’
     std::cout<< "Controls list length " << *(&msg.controls + 1) - [01;36m[K1[m[K << std::endl;
                                                                   [01;36m[K^[m[K
In file included from [01m[K/usr/include/c++/7/bits/stl_algobase.h:67:0[m[K,
                 from [01m[K/usr/include/c++/7/memory:62[m[K,
                 from [01m[K/usr/include/c++/7/thread:39[m[K,
                 from [01m[K/opt/ros/melodic/include/control_box_rst/corbo-core/time.h:29[m[K,
                 from [01m[K/opt/ros/melodic/include/control_box_rst/corbo-controllers/statistics.h:28[m[K,
                 from [01m[K/opt/ros/melodic/include/control_box_rst/corbo-controllers/controller_interface.h:28[m[K,
                 from [01m[K/opt/ros/melodic/include/control_box_rst/corbo-controllers/predictive_controller.h:28[m[K,
                 from [01m[K/home/vialab/mpc_traj_ws/src/mpc_local_planner/mpc_local_planner/include/mpc_local_planner/controller.h:26[m[K,
                 from [01m[K/home/vialab/mpc_traj_ws/src/mpc_local_planner/mpc_local_planner/src/controller.cpp:23[m[K:
[01m[K/usr/include/c++/7/bits/stl_iterator.h:953:5:[m[K [01;36m[Knote: [m[Kcandidate: template<class _IteratorL, class _IteratorR, class _Container> decltype ((__lhs.base() - __rhs.base())) __gnu_cxx::operator-(const __gnu_cxx::__normal_iterator<_IteratorL, _Container>&, const __gnu_cxx::__normal_iterator<_IteratorR, _Container>&)
     [01;36m[Koperator[m[K-(const __normal_iterator<_IteratorL, _Container>& __lhs,
     [01;36m[K^~~~~~~~[m[K
[01m[K/usr/include/c++/7/bits/stl_iterator.h:953:5:[m[K [01;36m[Knote: [m[K  template argument deduction/substitution failed:
[01m[K/home/vialab/mpc_traj_ws/src/mpc_local_planner/mpc_local_planner/src/controller.cpp:221:67:[m[K [01;36m[Knote: [m[K  ‘[01m[Kmpc_local_planner_msgs::OptimalControlResult_<std::allocator<void> >::_controls_type {aka std::vector<double>}[m[K’ is not derived from ‘[01m[Kconst __gnu_cxx::__normal_iterator<_IteratorL, _Container>[m[K’
     std::cout<< "Controls list length " << *(&msg.controls + 1) - [01;36m[K1[m[K << std::endl;
                                                                   [01;36m[K^[m[K
CMakeFiles/mpc_local_planner.dir/build.make:75: recipe for target 'CMakeFiles/mpc_local_planner.dir/src/controller.cpp.o' failed
make[2]: *** [CMakeFiles/mpc_local_planner.dir/src/controller.cpp.o] Error 1
CMakeFiles/Makefile2:3053: recipe for target 'CMakeFiles/mpc_local_planner.dir/all' failed
make[1]: *** [CMakeFiles/mpc_local_planner.dir/all] Error 2
Makefile:145: recipe for target 'all' failed
make: *** [all] Error 2
