[  5%] [32mBuilding CXX object CMakeFiles/mpc_local_planner_utils.dir/src/utils/publisher.cpp.o[0m
[ 11%] [32mBuilding CXX object CMakeFiles/mpc_local_planner_utils.dir/src/utils/conversion.cpp.o[0m
[ 17%] [32mBuilding CXX object CMakeFiles/mpc_local_planner_utils.dir/src/utils/time_series_se2.cpp.o[0m
[ 23%] [32mBuilding CXX object CMakeFiles/mpc_local_planner_optimal_control.dir/src/optimal_control/finite_differences_grid_se2.cpp.o[0m
[ 29%] [32mBuilding CXX object CMakeFiles/mpc_local_planner_optimal_control.dir/src/optimal_control/full_discretization_grid_base_se2.cpp.o[0m
[ 35%] [32mBuilding CXX object CMakeFiles/mpc_local_planner_optimal_control.dir/src/optimal_control/finite_differences_variable_grid_se2.cpp.o[0m
[ 41%] [32mBuilding CXX object CMakeFiles/mpc_local_planner_optimal_control.dir/src/optimal_control/stage_inequality_se2.cpp.o[0m
[ 47%] [32mBuilding CXX object CMakeFiles/mpc_local_planner_optimal_control.dir/src/optimal_control/quadratic_cost_se2.cpp.o[0m
[ 52%] [32mBuilding CXX object CMakeFiles/mpc_local_planner_optimal_control.dir/src/optimal_control/final_state_conditions_se2.cpp.o[0m
[ 58%] [32mBuilding CXX object CMakeFiles/mpc_local_planner_optimal_control.dir/src/optimal_control/min_time_via_points_cost.cpp.o[0m
[ 64%] [32m[1mLinking CXX shared library /home/vialab/mpc_traj_ws/devel/.private/mpc_local_planner/lib/libmpc_local_planner_utils.so[0m
[ 64%] Built target mpc_local_planner_utils
[ 70%] [32m[1mLinking CXX shared library /home/vialab/mpc_traj_ws/devel/.private/mpc_local_planner/lib/libmpc_local_planner_optimal_control.so[0m
[ 70%] Built target mpc_local_planner_optimal_control
[ 76%] [32mBuilding CXX object CMakeFiles/mpc_local_planner.dir/src/controller.cpp.o[0m
[ 82%] [32mBuilding CXX object CMakeFiles/mpc_local_planner.dir/src/mpc_local_planner_ros.cpp.o[0m
[ 88%] [32m[1mLinking CXX shared library /home/vialab/mpc_traj_ws/devel/.private/mpc_local_planner/lib/libmpc_local_planner.so[0m
[ 88%] Built target mpc_local_planner
[ 94%] [32mBuilding CXX object CMakeFiles/test_mpc_optim_node.dir/src/test_mpc_optim_node.cpp.o[0m
[100%] [32m[1mLinking CXX executable /home/vialab/mpc_traj_ws/devel/.private/mpc_local_planner/lib/mpc_local_planner/test_mpc_optim_node[0m
[100%] Built target test_mpc_optim_node
