Linked: (/home/vialab/nonlinear_mpc/devel/.private/mpc_local_planner_msgs/lib/python2.7/dist-packages/mpc_local_planner_msgs/__init__.py, /home/vialab/nonlinear_mpc/devel/lib/python2.7/dist-packages/mpc_local_planner_msgs/__init__.py)
Linked: (/home/vialab/nonlinear_mpc/devel/.private/mpc_local_planner_msgs/lib/python2.7/dist-packages/mpc_local_planner_msgs/msg/_StateFeedback.py, /home/vialab/nonlinear_mpc/devel/lib/python2.7/dist-packages/mpc_local_planner_msgs/msg/_StateFeedback.py)
Linked: (/home/vialab/nonlinear_mpc/devel/.private/mpc_local_planner_msgs/lib/python2.7/dist-packages/mpc_local_planner_msgs/msg/__init__.py, /home/vialab/nonlinear_mpc/devel/lib/python2.7/dist-packages/mpc_local_planner_msgs/msg/__init__.py)
Linked: (/home/vialab/nonlinear_mpc/devel/.private/mpc_local_planner_msgs/lib/python2.7/dist-packages/mpc_local_planner_msgs/msg/_OptimalControlResult.py, /home/vialab/nonlinear_mpc/devel/lib/python2.7/dist-packages/mpc_local_planner_msgs/msg/_OptimalControlResult.py)
Linked: (/home/vialab/nonlinear_mpc/devel/.private/mpc_local_planner_msgs/lib/pkgconfig/mpc_local_planner_msgs.pc, /home/vialab/nonlinear_mpc/devel/lib/pkgconfig/mpc_local_planner_msgs.pc)
Linked: (/home/vialab/nonlinear_mpc/devel/.private/mpc_local_planner_msgs/include/mpc_local_planner_msgs/StateFeedback.h, /home/vialab/nonlinear_mpc/devel/include/mpc_local_planner_msgs/StateFeedback.h)
Linked: (/home/vialab/nonlinear_mpc/devel/.private/mpc_local_planner_msgs/include/mpc_local_planner_msgs/OptimalControlResult.h, /home/vialab/nonlinear_mpc/devel/include/mpc_local_planner_msgs/OptimalControlResult.h)
Linked: (/home/vialab/nonlinear_mpc/devel/.private/mpc_local_planner_msgs/share/gennodejs/ros/mpc_local_planner_msgs/_index.js, /home/vialab/nonlinear_mpc/devel/share/gennodejs/ros/mpc_local_planner_msgs/_index.js)
Linked: (/home/vialab/nonlinear_mpc/devel/.private/mpc_local_planner_msgs/share/gennodejs/ros/mpc_local_planner_msgs/msg/_index.js, /home/vialab/nonlinear_mpc/devel/share/gennodejs/ros/mpc_local_planner_msgs/msg/_index.js)
Linked: (/home/vialab/nonlinear_mpc/devel/.private/mpc_local_planner_msgs/share/gennodejs/ros/mpc_local_planner_msgs/msg/StateFeedback.js, /home/vialab/nonlinear_mpc/devel/share/gennodejs/ros/mpc_local_planner_msgs/msg/StateFeedback.js)
Linked: (/home/vialab/nonlinear_mpc/devel/.private/mpc_local_planner_msgs/share/gennodejs/ros/mpc_local_planner_msgs/msg/OptimalControlResult.js, /home/vialab/nonlinear_mpc/devel/share/gennodejs/ros/mpc_local_planner_msgs/msg/OptimalControlResult.js)
Linked: (/home/vialab/nonlinear_mpc/devel/.private/mpc_local_planner_msgs/share/common-lisp/ros/mpc_local_planner_msgs/msg/StateFeedback.lisp, /home/vialab/nonlinear_mpc/devel/share/common-lisp/ros/mpc_local_planner_msgs/msg/StateFeedback.lisp)
Linked: (/home/vialab/nonlinear_mpc/devel/.private/mpc_local_planner_msgs/share/common-lisp/ros/mpc_local_planner_msgs/msg/OptimalControlResult.lisp, /home/vialab/nonlinear_mpc/devel/share/common-lisp/ros/mpc_local_planner_msgs/msg/OptimalControlResult.lisp)
Linked: (/home/vialab/nonlinear_mpc/devel/.private/mpc_local_planner_msgs/share/common-lisp/ros/mpc_local_planner_msgs/msg/mpc_local_planner_msgs-msg.asd, /home/vialab/nonlinear_mpc/devel/share/common-lisp/ros/mpc_local_planner_msgs/msg/mpc_local_planner_msgs-msg.asd)
Linked: (/home/vialab/nonlinear_mpc/devel/.private/mpc_local_planner_msgs/share/common-lisp/ros/mpc_local_planner_msgs/msg/_package.lisp, /home/vialab/nonlinear_mpc/devel/share/common-lisp/ros/mpc_local_planner_msgs/msg/_package.lisp)
Linked: (/home/vialab/nonlinear_mpc/devel/.private/mpc_local_planner_msgs/share/common-lisp/ros/mpc_local_planner_msgs/msg/_package_OptimalControlResult.lisp, /home/vialab/nonlinear_mpc/devel/share/common-lisp/ros/mpc_local_planner_msgs/msg/_package_OptimalControlResult.lisp)
Linked: (/home/vialab/nonlinear_mpc/devel/.private/mpc_local_planner_msgs/share/common-lisp/ros/mpc_local_planner_msgs/msg/_package_StateFeedback.lisp, /home/vialab/nonlinear_mpc/devel/share/common-lisp/ros/mpc_local_planner_msgs/msg/_package_StateFeedback.lisp)
Linked: (/home/vialab/nonlinear_mpc/devel/.private/mpc_local_planner_msgs/share/roseus/ros/mpc_local_planner_msgs/manifest.l, /home/vialab/nonlinear_mpc/devel/share/roseus/ros/mpc_local_planner_msgs/manifest.l)
Linked: (/home/vialab/nonlinear_mpc/devel/.private/mpc_local_planner_msgs/share/roseus/ros/mpc_local_planner_msgs/msg/StateFeedback.l, /home/vialab/nonlinear_mpc/devel/share/roseus/ros/mpc_local_planner_msgs/msg/StateFeedback.l)
Linked: (/home/vialab/nonlinear_mpc/devel/.private/mpc_local_planner_msgs/share/roseus/ros/mpc_local_planner_msgs/msg/OptimalControlResult.l, /home/vialab/nonlinear_mpc/devel/share/roseus/ros/mpc_local_planner_msgs/msg/OptimalControlResult.l)
Linked: (/home/vialab/nonlinear_mpc/devel/.private/mpc_local_planner_msgs/share/mpc_local_planner_msgs/cmake/mpc_local_planner_msgsConfig-version.cmake, /home/vialab/nonlinear_mpc/devel/share/mpc_local_planner_msgs/cmake/mpc_local_planner_msgsConfig-version.cmake)
Linked: (/home/vialab/nonlinear_mpc/devel/.private/mpc_local_planner_msgs/share/mpc_local_planner_msgs/cmake/mpc_local_planner_msgsConfig.cmake, /home/vialab/nonlinear_mpc/devel/share/mpc_local_planner_msgs/cmake/mpc_local_planner_msgsConfig.cmake)
Linked: (/home/vialab/nonlinear_mpc/devel/.private/mpc_local_planner_msgs/share/mpc_local_planner_msgs/cmake/mpc_local_planner_msgs-msg-extras.cmake, /home/vialab/nonlinear_mpc/devel/share/mpc_local_planner_msgs/cmake/mpc_local_planner_msgs-msg-extras.cmake)
Linked: (/home/vialab/nonlinear_mpc/devel/.private/mpc_local_planner_msgs/share/mpc_local_planner_msgs/cmake/mpc_local_planner_msgs-msg-paths.cmake, /home/vialab/nonlinear_mpc/devel/share/mpc_local_planner_msgs/cmake/mpc_local_planner_msgs-msg-paths.cmake)
