Symlinking /home/vialab/mpc_traj_ws/devel/lib/python2.7/dist-packages/mpc_local_planner_msgs/__init__.py
Symlinking /home/vialab/mpc_traj_ws/devel/lib/python2.7/dist-packages/mpc_local_planner_msgs/msg/_StateFeedback.py
Symlinking /home/vialab/mpc_traj_ws/devel/lib/python2.7/dist-packages/mpc_local_planner_msgs/msg/__init__.py
Symlinking /home/vialab/mpc_traj_ws/devel/lib/python2.7/dist-packages/mpc_local_planner_msgs/msg/_OptimalControlResult.py
Symlinking /home/vialab/mpc_traj_ws/devel/lib/pkgconfig/mpc_local_planner_msgs.pc
Symlinking /home/vialab/mpc_traj_ws/devel/include/mpc_local_planner_msgs/StateFeedback.h
Symlinking /home/vialab/mpc_traj_ws/devel/include/mpc_local_planner_msgs/OptimalControlResult.h
Symlinking /home/vialab/mpc_traj_ws/devel/share/gennodejs/ros/mpc_local_planner_msgs/_index.js
Symlinking /home/vialab/mpc_traj_ws/devel/share/gennodejs/ros/mpc_local_planner_msgs/msg/_index.js
Symlinking /home/vialab/mpc_traj_ws/devel/share/gennodejs/ros/mpc_local_planner_msgs/msg/StateFeedback.js
Symlinking /home/vialab/mpc_traj_ws/devel/share/gennodejs/ros/mpc_local_planner_msgs/msg/OptimalControlResult.js
Symlinking /home/vialab/mpc_traj_ws/devel/share/common-lisp/ros/mpc_local_planner_msgs/msg/StateFeedback.lisp
Symlinking /home/vialab/mpc_traj_ws/devel/share/common-lisp/ros/mpc_local_planner_msgs/msg/OptimalControlResult.lisp
Symlinking /home/vialab/mpc_traj_ws/devel/share/common-lisp/ros/mpc_local_planner_msgs/msg/mpc_local_planner_msgs-msg.asd
Symlinking /home/vialab/mpc_traj_ws/devel/share/common-lisp/ros/mpc_local_planner_msgs/msg/_package.lisp
Symlinking /home/vialab/mpc_traj_ws/devel/share/common-lisp/ros/mpc_local_planner_msgs/msg/_package_OptimalControlResult.lisp
Symlinking /home/vialab/mpc_traj_ws/devel/share/common-lisp/ros/mpc_local_planner_msgs/msg/_package_StateFeedback.lisp
Symlinking /home/vialab/mpc_traj_ws/devel/share/roseus/ros/mpc_local_planner_msgs/manifest.l
Symlinking /home/vialab/mpc_traj_ws/devel/share/roseus/ros/mpc_local_planner_msgs/msg/StateFeedback.l
Symlinking /home/vialab/mpc_traj_ws/devel/share/roseus/ros/mpc_local_planner_msgs/msg/OptimalControlResult.l
Symlinking /home/vialab/mpc_traj_ws/devel/share/mpc_local_planner_msgs/cmake/mpc_local_planner_msgsConfig-version.cmake
Symlinking /home/vialab/mpc_traj_ws/devel/share/mpc_local_planner_msgs/cmake/mpc_local_planner_msgsConfig.cmake
Symlinking /home/vialab/mpc_traj_ws/devel/share/mpc_local_planner_msgs/cmake/mpc_local_planner_msgs-msg-extras.cmake
Symlinking /home/vialab/mpc_traj_ws/devel/share/mpc_local_planner_msgs/cmake/mpc_local_planner_msgs-msg-paths.cmake
