[  0%] Built target std_msgs_generate_messages_eus
[  0%] Built target std_msgs_generate_messages_py
[  0%] Built target std_msgs_generate_messages_lisp
[  0%] Built target std_msgs_generate_messages_cpp
[  0%] Built target std_msgs_generate_messages_nodejs
[  0%] Built target _mpc_local_planner_msgs_generate_messages_check_deps_StateFeedback
[  0%] Built target _mpc_local_planner_msgs_generate_messages_check_deps_OptimalControlResult
[  8%] [34m[1mGenerating C++ code from mpc_local_planner_msgs/OptimalControlResult.msg[0m
[ 16%] [34m[1mGenerating C++ code from mpc_local_planner_msgs/StateFeedback.msg[0m
[ 33%] [34m[1mGenerating Lisp code from mpc_local_planner_msgs/StateFeedback.msg[0m
[ 33%] [34m[1mGenerating Javascript code from mpc_local_planner_msgs/StateFeedback.msg[0m
[ 41%] [34m[1mGenerating Python from MSG mpc_local_planner_msgs/OptimalControlResult[0m
[ 58%] [34m[1mGenerating Python from MSG mpc_local_planner_msgs/StateFeedback[0m
[ 58%] [34m[1mGenerating Javascript code from mpc_local_planner_msgs/OptimalControlResult.msg[0m
[ 75%] [34m[1mGenerating EusLisp code from mpc_local_planner_msgs/StateFeedback.msg[0m
[ 75%] [34m[1mGenerating Lisp code from mpc_local_planner_msgs/OptimalControlResult.msg[0m
[ 83%] [34m[1mGenerating EusLisp code from mpc_local_planner_msgs/OptimalControlResult.msg[0m
[ 91%] [34m[1mGenerating EusLisp manifest code for mpc_local_planner_msgs[0m
[ 91%] Built target mpc_local_planner_msgs_generate_messages_nodejs
[ 91%] Built target mpc_local_planner_msgs_generate_messages_lisp
[ 91%] Built target mpc_local_planner_msgs_generate_messages_cpp
[100%] [34m[1mGenerating Python msg __init__.py for mpc_local_planner_msgs[0m
[100%] Built target mpc_local_planner_msgs_generate_messages_py
[100%] Built target mpc_local_planner_msgs_generate_messages_eus
[100%] Built target mpc_local_planner_msgs_generate_messages
